<?xml version="1.0" encoding="UTF-8"?>
<coverage generated="1663934653757" clover="3.2.0">
  <project timestamp="1663934653757" name="All files">
    <metrics statements="13" coveredstatements="11" conditionals="4" coveredconditionals="2" methods="8" coveredmethods="6" elements="25" coveredelements="19" complexity="0" loc="13" ncloc="13" packages="3" files="3" classes="3"/>
    <package name="common">
      <metrics statements="0" coveredstatements="0" conditionals="0" coveredconditionals="0" methods="0" coveredmethods="0"/>
      <file name="index.jsx" path="C:\Users\Agi\Documents\projects\futureproof-projects\reducto-client\src\common\index.jsx">
        <metrics statements="0" coveredstatements="0" conditionals="0" coveredconditionals="0" methods="0" coveredmethods="0"/>
      </file>
    </package>
    <package name="common.SideBar">
      <metrics statements="12" coveredstatements="10" conditionals="4" coveredconditionals="2" methods="7" coveredmethods="5"/>
      <file name="index.jsx" path="C:\Users\Agi\Documents\projects\futureproof-projects\reducto-client\src\common\SideBar\index.jsx">
        <metrics statements="12" coveredstatements="10" conditionals="4" coveredconditionals="2" methods="7" coveredmethods="5"/>
        <line num="17" count="1" type="stmt"/>
        <line num="19" count="5" type="stmt"/>
        <line num="20" count="2" type="stmt"/>
        <line num="55" count="4" type="stmt"/>
        <line num="65" count="3" type="stmt"/>
        <line num="66" count="2" type="stmt"/>
        <line num="68" count="2" type="stmt"/>
        <line num="69" count="0" type="stmt"/>
        <line num="72" count="2" type="stmt"/>
        <line num="73" count="0" type="stmt"/>
        <line num="76" count="2" type="stmt"/>
        <line num="112" count="8" type="stmt"/>
      </file>
    </package>
    <package name="pages.Dashboard">
      <metrics statements="1" coveredstatements="1" conditionals="0" coveredconditionals="0" methods="1" coveredmethods="1"/>
      <file name="index.jsx" path="C:\Users\Agi\Documents\projects\futureproof-projects\reducto-client\src\pages\Dashboard\index.jsx">
        <metrics statements="1" coveredstatements="1" conditionals="0" coveredconditionals="0" methods="1" coveredmethods="1"/>
        <line num="8" count="2" type="stmt"/>
      </file>
    </package>
  </project>
</coverage>
