{"C:\\Users\\Agi\\Documents\\projects\\futureproof-projects\\reducto-client\\src\\common\\index.jsx": {"path":"C:\\Users\\Agi\\Documents\\projects\\futureproof-projects\\reducto-client\\src\\common\\index.jsx","statementMap":{},"fnMap":{},"branchMap":{},"s":{},"f":{},"b":{},"_coverageSchema":"1a1c01bbd47fc00a2c39e90264f33305004495a9","hash":"0126221953b7555f89899079bd1c4856c29b94d5"}
,"C:\\Users\\Agi\\Documents\\projects\\futureproof-projects\\reducto-client\\src\\common\\SideBar\\index.jsx": {"path":"C:\\Users\\Agi\\Documents\\projects\\futureproof-projects\\reducto-client\\src\\common\\SideBar\\index.jsx","statementMap":{"0":{"start":{"line":17,"column":20},"end":{"line":17,"column":23}},"1":{"start":{"line":19,"column":13},"end":{"line":36,"column":1}},"2":{"start":{"line":19,"column":59},"end":{"line":19,"column":74}},"3":{"start":{"line":20,"column":24},"end":{"line":35,"column":3}},"4":{"start":{"line":55,"column":21},"end":{"line":62,"column":3}},"5":{"start":{"line":55,"column":51},"end":{"line":62,"column":1}},"6":{"start":{"line":65,"column":16},"end":{"line":65,"column":26}},"7":{"start":{"line":66,"column":26},"end":{"line":66,"column":47}},"8":{"start":{"line":68,"column":27},"end":{"line":70,"column":3}},"9":{"start":{"line":69,"column":4},"end":{"line":69,"column":18}},"10":{"start":{"line":72,"column":28},"end":{"line":74,"column":3}},"11":{"start":{"line":73,"column":4},"end":{"line":73,"column":19}},"12":{"start":{"line":76,"column":2},"end":{"line":129,"column":4}},"13":{"start":{"line":112,"column":12},"end":{"line":119,"column":23}}},"fnMap":{"0":{"name":"(anonymous_0)","decl":{"start":{"line":19,"column":49},"end":{"line":19,"column":50}},"loc":{"start":{"line":19,"column":59},"end":{"line":19,"column":74}},"line":19},"1":{"name":"(anonymous_1)","decl":{"start":{"line":20,"column":2},"end":{"line":20,"column":3}},"loc":{"start":{"line":20,"column":24},"end":{"line":35,"column":3}},"line":20},"2":{"name":"(anonymous_2)","decl":{"start":{"line":55,"column":35},"end":{"line":55,"column":36}},"loc":{"start":{"line":55,"column":51},"end":{"line":62,"column":1}},"line":55},"3":{"name":"SideBar","decl":{"start":{"line":64,"column":24},"end":{"line":64,"column":31}},"loc":{"start":{"line":64,"column":34},"end":{"line":130,"column":1}},"line":64},"4":{"name":"(anonymous_4)","decl":{"start":{"line":68,"column":27},"end":{"line":68,"column":28}},"loc":{"start":{"line":68,"column":33},"end":{"line":70,"column":3}},"line":68},"5":{"name":"(anonymous_5)","decl":{"start":{"line":72,"column":28},"end":{"line":72,"column":29}},"loc":{"start":{"line":72,"column":34},"end":{"line":74,"column":3}},"line":72},"6":{"name":"(anonymous_6)","decl":{"start":{"line":111,"column":60},"end":{"line":111,"column":61}},"loc":{"start":{"line":112,"column":12},"end":{"line":119,"column":23}},"line":112}},"branchMap":{"0":{"loc":{"start":{"line":28,"column":8},"end":{"line":34,"column":5}},"type":"binary-expr","locations":[{"start":{"line":28,"column":8},"end":{"line":28,"column":12}},{"start":{"line":28,"column":16},"end":{"line":34,"column":5}}],"line":28},"1":{"loc":{"start":{"line":85,"column":29},"end":{"line":85,"column":56}},"type":"binary-expr","locations":[{"start":{"line":85,"column":29},"end":{"line":85,"column":33}},{"start":{"line":85,"column":37},"end":{"line":85,"column":56}}],"line":85}},"s":{"0":1,"1":1,"2":5,"3":2,"4":1,"5":4,"6":3,"7":2,"8":2,"9":0,"10":2,"11":0,"12":2,"13":8},"f":{"0":5,"1":2,"2":4,"3":3,"4":0,"5":0,"6":8},"b":{"0":[2,0],"1":[2,0]},"_coverageSchema":"1a1c01bbd47fc00a2c39e90264f33305004495a9","hash":"2cc3891dbfc8b2f86aa0f810b3f6ba20c2842e69"}
,"C:\\Users\\Agi\\Documents\\projects\\futureproof-projects\\reducto-client\\src\\pages\\Dashboard\\index.jsx": {"path":"C:\\Users\\Agi\\Documents\\projects\\futureproof-projects\\reducto-client\\src\\pages\\Dashboard\\index.jsx","statementMap":{"0":{"start":{"line":8,"column":2},"end":{"line":13,"column":3}}},"fnMap":{"0":{"name":"Dashboard","decl":{"start":{"line":7,"column":9},"end":{"line":7,"column":18}},"loc":{"start":{"line":7,"column":21},"end":{"line":14,"column":1}},"line":7}},"branchMap":{},"s":{"0":2},"f":{"0":2},"b":{},"_coverageSchema":"1a1c01bbd47fc00a2c39e90264f33305004495a9","hash":"0de17ceb7563355836ab6336bf504079ce477067"}
}
