{"C:\\Users\\Agi\\Documents\\projects\\futureproof-projects\\reducto-client\\src\\common\\index.jsx": {"path":"C:\\Users\\Agi\\Documents\\projects\\futureproof-projects\\reducto-client\\src\\common\\index.jsx","statementMap":{},"fnMap":{},"branchMap":{},"s":{},"f":{},"b":{},"_coverageSchema":"1a1c01bbd47fc00a2c39e90264f33305004495a9","hash":"0126221953b7555f89899079bd1c4856c29b94d5"}
,"C:\\Users\\Agi\\Documents\\projects\\futureproof-projects\\reducto-client\\src\\common\\Chart\\index.jsx": {"path":"C:\\Users\\Agi\\Documents\\projects\\futureproof-projects\\reducto-client\\src\\common\\Chart\\index.jsx","statementMap":{"0":{"start":{"line":5,"column":20},"end":{"line":5,"column":28}},"1":{"start":{"line":6,"column":22},"end":{"line":9,"column":5}},"2":{"start":{"line":7,"column":20},"end":{"line":7,"column":35}},"3":{"start":{"line":8,"column":25},"end":{"line":8,"column":47}},"4":{"start":{"line":10,"column":4},"end":{"line":12,"column":6}},"5":{"start":{"line":11,"column":8},"end":{"line":11,"column":19}},"6":{"start":{"line":13,"column":2},"end":{"line":18,"column":3}}},"fnMap":{"0":{"name":"index","decl":{"start":{"line":4,"column":9},"end":{"line":4,"column":14}},"loc":{"start":{"line":4,"column":25},"end":{"line":19,"column":1}},"line":4},"1":{"name":"(anonymous_1)","decl":{"start":{"line":6,"column":22},"end":{"line":6,"column":23}},"loc":{"start":{"line":6,"column":28},"end":{"line":9,"column":5}},"line":6},"2":{"name":"(anonymous_2)","decl":{"start":{"line":10,"column":20},"end":{"line":10,"column":21}},"loc":{"start":{"line":10,"column":26},"end":{"line":12,"column":5}},"line":10}},"branchMap":{},"s":{"0":3,"1":3,"2":3,"3":3,"4":3,"5":3,"6":3},"f":{"0":3,"1":3,"2":3},"b":{},"_coverageSchema":"1a1c01bbd47fc00a2c39e90264f33305004495a9","hash":"256966d41b4038c6878517811a9e383a9d142bc3"}
}
