TN:
SF:src\common\index.jsx
FNF:0
FNH:0
LF:0
LH:0
BRF:0
BRH:0
end_of_record
TN:
SF:src\common\SideBar\index.jsx
FN:19,(anonymous_0)
FN:20,(anonymous_1)
FN:55,(anonymous_2)
FN:64,SideBar
FN:68,(anonymous_4)
FN:72,(anonymous_5)
FN:111,(anonymous_6)
FNF:7
FNH:5
FNDA:5,(anonymous_0)
FNDA:2,(anonymous_1)
FNDA:4,(anonymous_2)
FNDA:3,SideBar
FNDA:0,(anonymous_4)
FNDA:0,(anonymous_5)
FNDA:8,(anonymous_6)
DA:17,1
DA:19,5
DA:20,2
DA:55,4
DA:65,3
DA:66,2
DA:68,2
DA:69,0
DA:72,2
DA:73,0
DA:76,2
DA:112,8
LF:12
LH:10
BRDA:28,0,0,2
BRDA:28,0,1,0
BRDA:85,1,0,2
BRDA:85,1,1,0
BRF:4
BRH:2
end_of_record
TN:
SF:src\pages\Dashboard\index.jsx
FN:7,Dashboard
FNF:1
FNH:1
FNDA:2,Dashboard
DA:8,2
LF:1
LH:1
BRF:0
BRH:0
end_of_record
